<?xml version="1.0" encoding="UTF-8" ?>
<!--
  ~ Licensed to the Apache Software Foundation (ASF) under one
  ~ or more contributor license agreements.  See the NOTICE file
  ~ distributed with this work for additional information
  ~ regarding copyright ownership.  The ASF licenses this file
  ~ to you under the Apache License, Version 2.0 (the
  ~ "License"); you may not use this file except in compliance
  ~ with the License.  You may obtain a copy of the License at
  ~
  ~   http://www.apache.org/licenses/LICENSE-2.0
  ~
  ~ Unless required by applicable law or agreed to in writing,
  ~ software distributed under the License is distributed on an
  ~ "AS IS" BASIS, WITHOUT WARRANTIES OR CONDITIONS OF ANY
  ~ KIND, either express or implied.  See the License for the
  ~ specific language governing permissions and limitations
  ~ under the License.
  ~
  ~ Copyright (c) $year
  ~ Date: 27/2/19 9:02 PM
  ~ Subho Ghosh (subho dot ghosh at outlook.com)
  ~
  -->
<root>
    <header ID="UNIQUE-99918239012" group="TEST-APP-GROUP" application="TEST-APPLICATION" name="test-config"
            version="0.2"
            passwordHash="2ff9irI7zQgaWmitmRK1Yg==">
        <description>This is a test XML configuration file.</description>
        <createdBy user="subho" tiemstamp="1552835141000"/>
        <updatedBy user="subho" tiemstamp="1552835341000"/>
    </header>
    <configuration>
        <properties>
            <TEMPDIR>C:/Users/subho/Work/temp</TEMPDIR>
        </properties>
        <env>
            <monitoring enableJmx="true" enableSlf4j="false" enableFileLogging="true"
                        namespace="com.codekutter.metrics">
                <fileLoggerDir>${TEMPDIR}/codekutter/metrics</fileLoggerDir>
                <enableMemoryStats>true</enableMemoryStats>
                <enableGcStats>false</enableGcStats>
            </monitoring>
            <distributed-locks>
                <!--lock-allocator class="com.codekutter.common.locking.ZkLockAllocator"
                                lockType="com.codekutter.common.locking.DistributedZkLock">
                    <lockPath>/CODEKUTTER/COMMON/TEST</lockPath>
                    <lockExpiryTimeout>500000</lockExpiryTimeout>
                    <lockGetTimeout>50000</lockGetTimeout>
                    <connection name="LockZkConnection" class="com.codekutter.common.stores.impl.ZookeeperConnection">
                        <host>127.0.0.1</host>
                        <port>2181</port>
                        <username>testZkUser</username>
                        <password encrypted="true">
                            <value>iyGiHwGIT2JDgk01E/xjUw==</value>
                        </password>
                        <maxRetries>5</maxRetries>
                        <retryInterval>500</retryInterval>
                    </connection>
                </lock-allocator -->
                <lock-allocator class="com.codekutter.common.locking.DbLockAllocator"
                                lockType="com.codekutter.common.locking.DistributedDbLock">
                    <lockExpiryTimeout>500000</lockExpiryTimeout>
                    <lockGetTimeout>50000</lockGetTimeout>
                    <connection name="LockDbConnection" class="com.codekutter.common.stores.impl.HibernateConnection"
                                driver="org.mariadb.jdbc.Driver" dialect="org.hibernate.dialect.MariaDBDialect">
                        <url>jdbc:mariadb://127.0.0.1:3306/test</url>
                        <port>3306</port>
                        <username>testDbUser</username>
                        <password encrypted="true">
                            <value>iyGiHwGIT2JDgk01E/xjUw==</value>
                        </password>
                        <classes>
                            <class>com.codekutter.common.model.DbLockRecord</class>
                        </classes>
                    </connection>
                </lock-allocator>
            </distributed-locks>
            <queues>
                <queue name="TEST-SQS-QUEUE" class="com.codekutter.common.messaging.SQSJsonQueue"
                       queue="ingest-queue-01">
                    <receiveTimeout>50000</receiveTimeout>
                    <connection name="TEST-SQS-CONNECTION" region="us-east-2"
                                class="com.codekutter.common.messaging.AwsSQSConnection"
                                profile="test">
                        <parameters>
                            <maxConnections>20</maxConnections>
                            <connectionTimeout>20000</connectionTimeout>
                        </parameters>
                    </connection>
                </queue>
            </queues>
            <schedule audited="true" auditLogger="com.codekutter.common.scheduling.impl.DBJobAuditLogger">
                <quartzConfig>src/test/resources/quartz.properties</quartzConfig>
                <startUpDelay>10</startUpDelay>
                <logger connection="TestAuditConnection"/>
                <jobs>
                    <!--job class="com.codekutter.common.scheduling.impl.RestJobConfig"
                         namespace="com.codekutter.common.test" name="TEST-REST-JOB" requestType="GET">
                        <type>com.codekutter.common.scheduling.impl.RESTCallJob</type>
                        <scheduleInterval>10ss</scheduleInterval>
                        <requestUrl>https://en.wikipedia.org/wiki/Portal:Current_events</requestUrl>
                        <connection>TestRestConnection</connection>
                        <mediaType>text/html</mediaType>
                        <responseHandler>com.codekutter.common.DummyResponseHandler</responseHandler>
                    </job-->
                    <job class="com.codekutter.common.scheduling.impl.RestJobConfig"
                         namespace="com.codekutter.common.test" name="TEST-REST-EMP-JOB" requestType="GET">
                        <type>com.codekutter.common.scheduling.impl.RESTCallJob</type>
                        <scheduleInterval>10ss</scheduleInterval>
                        <audited>true</audited>
                        <requestUrl>https%3A%2F%2Fgorest.co.in%2Fpublic-api%2Fusers%3F_format%3Djson</requestUrl>
                        <connection>TestAuthRestConnection</connection>
                        <mediaType>application/json</mediaType>
                        <responseHandler>com.codekutter.common.DummyUserHandler</responseHandler>
                        <parameters>
                            <ACCESS_TOKEN>3S-oCGgeU155lXSflhDziwkqF_ECHUl_mDEk</ACCESS_TOKEN>
                        </parameters>
                    </job>
                </jobs>
            </schedule>
        </env>
        <audit>
            <audit-manager>
                <audit-logger name="TEST-AUDIT-LOGGER" class="com.codekutter.common.auditing.DBAuditLogger"
                              default="true" useCache="true">
                    <serializer>com.codekutter.common.auditing.JsonAuditSerDe</serializer>
                    <dataStore name="TestAuditDataStore" class="com.codekutter.common.stores.impl.RdbmsDataStore"/>
                </audit-logger>
            </audit-manager>
        </audit>
        <r2db>
            <entity-manager>
                <connections>
                    <connection name="TestOneDriveConnection" class="com.codekutter.r2db.driver.impl.MSGraphConnection">
                        <tenantId>fb96c922-d113-4a72-94e1-cfb4c90523bd</tenantId>
                        <clientId>e99810ce-bfe3-4002-ba4c-22bb170b72e6</clientId>
                        <username>testoned@subhoghoshoutlook.onmicrosoft.com</username>
                        <password encrypted="true">
                            <value>iyGiHwGIT2JDgk01E/xjUw==</value>
                        </password>
                    </connection>
                    <connection name="TestAuditConnection" class="com.codekutter.common.stores.impl.HibernateConnection"
                                driver="org.mariadb.jdbc.Driver" dialect="org.hibernate.dialect.MariaDBDialect">
                        <url>jdbc:mariadb://127.0.0.1:3306/test</url>
                        <port>3306</port>
                        <username>testDbUser</username>
                        <password encrypted="true">
                            <value>iyGiHwGIT2JDgk01E/xjUw==</value>
                        </password>
                        <classes>
                            <class>com.codekutter.common.scheduling.impl.JobAuditLog</class>
                            <class>com.codekutter.common.model.AuditRecord</class>
                        </classes>
                        <hibernate>
                            <parameters>
                                <show_sql>true</show_sql>
                            </parameters>
                        </hibernate>
                    </connection>
                    <connection name="TestDbConnection" class="com.codekutter.common.stores.impl.HibernateConnection"
                                driver="org.mariadb.jdbc.Driver" dialect="org.hibernate.dialect.MariaDBDialect">
                        <url>jdbc:mariadb://127.0.0.1:3306/test</url>
                        <port>3306</port>
                        <username>testDbUser</username>
                        <password encrypted="true">
                            <value>iyGiHwGIT2JDgk01E/xjUw==</value>
                        </password>
                        <classes>
                            <class>com.codekutter.common.stores.model.Customer</class>
                            <class>com.codekutter.common.stores.model.Product</class>
                            <class>com.codekutter.common.stores.model.Item</class>
                            <class>com.codekutter.common.stores.model.Order</class>
                            <class>com.codekutter.common.scheduling.impl.JobAuditLog</class>
                        </classes>
                        <hibernate>
                            <parameters>
                                <show_sql>true</show_sql>
                            </parameters>
                        </hibernate>
                    </connection>
                    <connection name="TestEsConnection" class="com.codekutter.r2db.driver.impl.ElasticSearchConnection">
                        <hosts>
                            <host>127.0.0.1:9200</host>
                        </hosts>
                    </connection>
                    <connection name="TestRestConnection" class="com.codekutter.common.stores.impl.RestConnection"
                                useSSL="true">
                        <param name="connection.timeout" type="INT">200</param>
                    </connection>
                    <connection name="TestAuthRestConnection"
                                class="com.codekutter.common.stores.impl.RestOAuthConnection"
                                useSSL="true">
                        <param name="connection.timeout" type="INT">200</param>
                        <token encrypted="true">
                            <value>I1wamaUKOAPqAX3lKkYEawBueg3pnFunxyosMgW50F7F7TImy7c4wrV/Jqd+TQfI</value>
                        </token>
                    </connection>
                </connections>
                <dataStoreManager>
                    <dataStores>
                        <dataStore name="TestAuditDataStore" class="com.codekutter.common.stores.impl.RdbmsConfig"
                                   dataStoreClass="com.codekutter.common.stores.impl.RdbmsDataStore"
                                   connection="TestAuditConnection" connectionType="org.hibernate.Session"
                                   auditContextProvider="com.codekutter.common.stores.DataSourceContextGenerator">
                        </dataStore>
                        <dataStore name="TestDataStore" class="com.codekutter.common.stores.impl.RdbmsConfig"
                                   dataStoreClass="com.codekutter.common.stores.impl.RdbmsDataStore"
                                   connection="TestDbConnection" connectionType="org.hibernate.Session"
                                   auditContextProvider="com.codekutter.common.stores.DataSourceContextGenerator">
                        </dataStore>
                        <dataStore name="TestSearchableStore" class="com.codekutter.common.stores.impl.RdbmsConfig"
                                   dataStoreClass="com.codekutter.r2db.driver.impl.SearchableRdbmsDataStore"
                                   connection="TestDbConnection" connectionType="org.hibernate.Session"
                                   readConnection="TestEsConnection"
                                   auditContextProvider="com.codekutter.common.stores.DataSourceContextGenerator">
                        </dataStore>
                    </dataStores>
                </dataStoreManager>
            </entity-manager>
        </r2db>
    </configuration>
</root>